<?xml version="1.0" encoding="UTF-8"?>
<!-- Generated by org.testng.reporters.JUnitReportReporter -->
<testsuite hostname="DESKTOP-5T3RHQG" failures="0" tests="2" name="com.Testpages.Signinpagetest" time="16.346" errors="0" timestamp="2021-04-09T12:48:26 IST" skipped="1">
  <testcase classname="com.Testpages.Signinpagetest" name="signinTest" time="16.346"/>
  <system-out/>
  <testcase classname="com.Testpages.Signinpagetest" name="searchfan">
    <skipped/>
  </testcase> <!-- searchfan -->
  <system-out/>
</testsuite> <!-- com.Testpages.Signinpagetest -->
