<?xml version="1.0" encoding="UTF-8"?>
<!-- Generated by org.testng.reporters.JUnitReportReporter -->
<testsuite hostname="DESKTOP-5T3RHQG" failures="0" tests="1" name="com.Testpages.Searchproductpagetest" time="17.589" errors="0" timestamp="2021-04-09T09:51:52 IST" skipped="0">
  <testcase classname="com.Testpages.Searchproductpagetest" name="Searchproductpagetest1" time="17.589"/>
  <system-out/>
</testsuite> <!-- com.Testpages.Searchproductpagetest -->
