<?xml version="1.0" encoding="UTF-8"?>
<!-- Generated by org.testng.reporters.JUnitReportReporter -->
<testsuite hostname="DESKTOP-5T3RHQG" failures="0" tests="2" name="com.Testpages.Createaccountpagetest" time="25.299" errors="0" timestamp="2021-04-09T05:16:18 IST" skipped="0">
  <testcase classname="com.Testpages.Createaccountpagetest" name="createAccountTest" time="22.482"/>
  <system-out/>
  <testcase classname="com.Testpages.Createaccountpagetest" name="buttonClickTest" time="2.817"/>
  <system-out/>
</testsuite> <!-- com.Testpages.Createaccountpagetest -->
